<?xml version="1.0" encoding="UTF-8"?>
<!-- Generated by org.testng.reporters.JUnitReportReporter -->
<testsuite hostname="DESKTOP-2IEME8E" name="script.ValidLogin" tests="1" failures="0" timestamp="19 Feb 2018 05:25:13 GMT" time="24.922" errors="0">
  <testcase name="testValidLogin" time="24.922" classname="script.ValidLogin"/>
</testsuite> <!-- script.ValidLogin -->
